d:\users\menno\google drive\school\jaar 3\s6\sd6\project\calculator\calculator\debug\vc120.pdb
d:\users\menno\google drive\school\jaar 3\s6\sd6\project\calculator\calculator\debug\vc120.idb
d:\users\menno\google drive\school\jaar 3\s6\sd6\project\calculator\calculator\debug\main.obj
d:\users\menno\google drive\school\jaar 3\s6\sd6\project\calculator\calculator\debug\calculator.obj
c:\users\menno\documents\jenkinsunittesting\calculator\debug\vc120.pdb
c:\users\menno\documents\jenkinsunittesting\calculator\debug\vc120.idb
c:\users\menno\documents\jenkinsunittesting\calculator\debug\calculator.obj
c:\users\menno\documents\jenkinsunittesting\calculator\debug\main.obj
d:\users\menno\google drive\school\jaar 3\s6\sd6\project\calculator\debug\calculator.ilk
d:\users\menno\google drive\school\jaar 3\s6\sd6\project\calculator\debug\calculator.exe
d:\users\menno\google drive\school\jaar 3\s6\sd6\project\calculator\debug\calculator.pdb
c:\users\menno\documents\jenkinsunittesting\debug\calculator.ilk
c:\users\menno\documents\jenkinsunittesting\debug\calculator.exe
c:\users\menno\documents\jenkinsunittesting\debug\calculator.pdb
c:\users\menno\documents\jenkinsunittesting\calculator\debug\calculator.tlog\cl.command.1.tlog
c:\users\menno\documents\jenkinsunittesting\calculator\debug\calculator.tlog\cl.read.1.tlog
c:\users\menno\documents\jenkinsunittesting\calculator\debug\calculator.tlog\cl.write.1.tlog
c:\users\menno\documents\jenkinsunittesting\calculator\debug\calculator.tlog\link.command.1.tlog
c:\users\menno\documents\jenkinsunittesting\calculator\debug\calculator.tlog\link.read.1.tlog
c:\users\menno\documents\jenkinsunittesting\calculator\debug\calculator.tlog\link.write.1.tlog
